<?xml version="1.0" encoding="UTF-8"?>
<testsuite name="com.learn_spring_parent.util.RsaUtilTest" tests="1" skipped="0" failures="0" errors="0" timestamp="2020-08-09T00:47:19" hostname="centos" time="0.012">
  <properties/>
  <testcase name="getPublicKey()" classname="com.learn_spring_parent.util.RsaUtilTest" time="0.012"/>
  <system-out><![CDATA[Sun RSA public key, 2048 bits
  params: null
  modulus: 17332263367815858082386287563307725119603115641273816884881011994168258419655313763185852557293510255041880395680888656295350775225085282002466030329246328251425131612580197448260023462084518288082066517298668285496246857029971198627099432030530603431419750099485063314237290881113786638660115398827365152516045089645766334359988760437549371924188784781751268976836416419510210483469792065113151780786954257052413069315836770325851388345074624005819212726904283434691148064916869561452502664504539241789067043404832770615818094136302633486963944622018249530928609792993513732619425275783257655816302809415645194624467
  public exponent: 65537
]]></system-out>
  <system-err><![CDATA[]]></system-err>
</testsuite>
